<?xml version="1.0" encoding="UTF-8"?>
<testng-results ignored="0" total="2" passed="2" failed="0" skipped="0">
  <reporter-output>
  </reporter-output>
  <suite started-at="2023-10-17T08:02:17 IST" name="Default suite" finished-at="2023-10-17T08:02:21 IST" duration-ms="4167">
    <groups>
    </groups>
    <test started-at="2023-10-17T08:02:17 IST" name="Default test" finished-at="2023-10-17T08:02:21 IST" duration-ms="4167">
      <class name="BasicPrograms.Gmail">
        <test-method is-config="true" signature="beforeTest()[pri:0, instance:BasicPrograms.Gmail@4562e04d]" started-at="2023-10-17T08:02:17 IST" name="beforeTest" finished-at="2023-10-17T08:02:21 IST" duration-ms="4127" status="PASS">
          <reporter-output>
          </reporter-output>
        </test-method> <!-- beforeTest -->
        <test-method signature="Login()[pri:1, instance:BasicPrograms.Gmail@4562e04d]" started-at="2023-10-17T08:02:21 IST" name="Login" finished-at="2023-10-17T08:02:21 IST" duration-ms="9" status="PASS">
          <reporter-output>
          </reporter-output>
        </test-method> <!-- Login -->
        <test-method signature="Logout()[pri:2, instance:BasicPrograms.Gmail@4562e04d]" started-at="2023-10-17T08:02:21 IST" name="Logout" finished-at="2023-10-17T08:02:21 IST" duration-ms="1" status="PASS">
          <reporter-output>
          </reporter-output>
        </test-method> <!-- Logout -->
        <test-method is-config="true" signature="afterTest()[pri:0, instance:BasicPrograms.Gmail@4562e04d]" started-at="2023-10-17T08:02:21 IST" name="afterTest" finished-at="2023-10-17T08:02:21 IST" duration-ms="0" status="PASS">
          <reporter-output>
          </reporter-output>
        </test-method> <!-- afterTest -->
      </class> <!-- BasicPrograms.Gmail -->
    </test> <!-- Default test -->
  </suite> <!-- Default suite -->
</testng-results>
